<?xml version="1.0" encoding="UTF-8"?>
<!-- Generated by org.testng.reporters.JUnitReportReporter -->
<testsuite skipped="0" hostname="SSWQ0V-WS43" name="RunnerClasses.CucumberRunnerClass" tests="2" failures="0" timestamp="28 Feb 2019 14:38:51 GMT" time="24.026" errors="0">
  <testcase name="feature" time="11.732" classname="RunnerClasses.CucumberRunnerClass"/>
  <testcase name="feature" time="12.294" classname="RunnerClasses.CucumberRunnerClass"/>
</testsuite> <!-- RunnerClasses.CucumberRunnerClass -->
